2021-11-13 21:31:45.945  INFO 8684 --- [main] com.wolken.bank.BankApplication          : Starting BankApplication using Java 1.8.0_291 on WSPL-0137 with PID 8684 (D:\Dev\bank\target\classes started by USER in D:\Dev\bank)
2021-11-13 21:31:45.946  INFO 8684 --- [main] com.wolken.bank.BankApplication          : No active profile set, falling back to default profiles: default
2021-11-13 21:31:46.425  INFO 8684 --- [main] .s.d.r.c.RepositoryConfigurationDelegate : Bootstrapping Spring Data JPA repositories in DEFAULT mode.
2021-11-13 21:31:46.470  INFO 8684 --- [main] .s.d.r.c.RepositoryConfigurationDelegate : Finished Spring Data repository scanning in 38 ms. Found 2 JPA repository interfaces.
2021-11-13 21:31:46.842  INFO 8684 --- [main] o.s.b.w.embedded.tomcat.TomcatWebServer  : Tomcat initialized with port(s): 8080 (http)
2021-11-13 21:31:46.851  INFO 8684 --- [main] o.apache.catalina.core.StandardService   : Starting service [Tomcat]
2021-11-13 21:31:46.851  INFO 8684 --- [main] org.apache.catalina.core.StandardEngine  : Starting Servlet engine: [Apache Tomcat/9.0.54]
2021-11-13 21:31:46.853  INFO 8684 --- [main] o.a.catalina.core.AprLifecycleListener   : Loaded Apache Tomcat Native library [1.2.31] using APR version [1.7.0].
2021-11-13 21:31:46.853  INFO 8684 --- [main] o.a.catalina.core.AprLifecycleListener   : APR capabilities: IPv6 [true], sendfile [true], accept filters [false], random [true], UDS [true].
2021-11-13 21:31:46.854  INFO 8684 --- [main] o.a.catalina.core.AprLifecycleListener   : APR/OpenSSL configuration: useAprConnector [false], useOpenSSL [true]
2021-11-13 21:31:46.856  INFO 8684 --- [main] o.a.catalina.core.AprLifecycleListener   : OpenSSL successfully initialized [OpenSSL 1.1.1l  24 Aug 2021]
2021-11-13 21:31:46.949  INFO 8684 --- [main] o.a.c.c.C.[Tomcat].[localhost].[/]       : Initializing Spring embedded WebApplicationContext
2021-11-13 21:31:46.950  INFO 8684 --- [main] w.s.c.ServletWebServerApplicationContext : Root WebApplicationContext: initialization completed in 969 ms
2021-11-13 21:31:47.091  INFO 8684 --- [main] o.hibernate.jpa.internal.util.LogHelper  : HHH000204: Processing PersistenceUnitInfo [name: default]
2021-11-13 21:31:47.130  INFO 8684 --- [main] org.hibernate.Version                    : HHH000412: Hibernate ORM core version 5.4.32.Final
2021-11-13 21:31:47.277  INFO 8684 --- [main] o.hibernate.annotations.common.Version   : HCANN000001: Hibernate Commons Annotations {5.1.2.Final}
2021-11-13 21:31:47.353  INFO 8684 --- [main] com.zaxxer.hikari.HikariDataSource       : HikariPool-1 - Starting...
2021-11-13 21:31:47.832  INFO 8684 --- [main] com.zaxxer.hikari.HikariDataSource       : HikariPool-1 - Start completed.
2021-11-13 21:31:47.857  INFO 8684 --- [main] org.hibernate.dialect.Dialect            : HHH000400: Using dialect: org.hibernate.dialect.MySQL8Dialect
2021-11-13 21:31:48.370  INFO 8684 --- [main] o.h.e.t.j.p.i.JtaPlatformInitiator       : HHH000490: Using JtaPlatform implementation: [org.hibernate.engine.transaction.jta.platform.internal.NoJtaPlatform]
2021-11-13 21:31:48.377  INFO 8684 --- [main] j.LocalContainerEntityManagerFactoryBean : Initialized JPA EntityManagerFactory for persistence unit 'default'
2021-11-13 21:31:48.713  WARN 8684 --- [main] JpaBaseConfiguration$JpaWebConfiguration : spring.jpa.open-in-view is enabled by default. Therefore, database queries may be performed during view rendering. Explicitly configure spring.jpa.open-in-view to disable this warning
2021-11-13 21:31:49.007  INFO 8684 --- [main] o.s.b.w.embedded.tomcat.TomcatWebServer  : Tomcat started on port(s): 8080 (http) with context path ''
2021-11-13 21:31:49.014  INFO 8684 --- [main] com.wolken.bank.BankApplication          : Started BankApplication in 3.378 seconds (JVM running for 3.987)
2021-11-13 21:31:52.222  INFO 8684 --- [http-nio-8080-exec-1] o.a.c.c.C.[Tomcat].[localhost].[/]       : Initializing Spring DispatcherServlet 'dispatcherServlet'
2021-11-13 21:31:52.223  INFO 8684 --- [http-nio-8080-exec-1] o.s.web.servlet.DispatcherServlet        : Initializing Servlet 'dispatcherServlet'
2021-11-13 21:31:52.224  INFO 8684 --- [http-nio-8080-exec-1] o.s.web.servlet.DispatcherServlet        : Completed initialization in 1 ms
2021-11-13 21:31:52.376  INFO 8684 --- [http-nio-8080-exec-1] c.w.bank.services.AccountServiceImpl     : [AccountEntity(accNo=1, holderName=person1, contactNo=8726745698, email=person1@mail.com, address=address1, branchName=padmanabnagar, typeOfAccount=savings, amount=35000.0, status=false, nominee=nominee1, gender=male, dob=2000-04-27 00:00:00.0), AccountEntity(accNo=2, holderName=person2, contactNo=8726732198, email=person2@mail.com, address=address2, branchName=padmanabnagar, typeOfAccount=savings, amount=35000.0, status=true, nominee=nominee2, gender=female, dob=1996-12-12 00:00:00.0)]
2021-11-13 21:31:52.381  INFO 8684 --- [http-nio-8080-exec-1] c.w.bank.services.AccountServiceImpl     : [AccountDTO(holderName=person1, contactNo=8726745698, email=person1@mail.com, address=address1, branchName=padmanabnagar, typeOfAccount=savings, amount=35000.0, status=false, nominee=nominee1, gender=male, dob=04/27/2000), AccountDTO(holderName=person2, contactNo=8726732198, email=person2@mail.com, address=address2, branchName=padmanabnagar, typeOfAccount=savings, amount=35000.0, status=true, nominee=nominee2, gender=female, dob=12/12/1996)]
2021-11-13 21:31:52.382  INFO 8684 --- [http-nio-8080-exec-1] c.w.bank.controller.AccountController    : getAccByBranchName() is called
2021-11-13 21:32:18.398  INFO 8684 --- [RMI TCP Connection(4)-127.0.0.1] inMXBeanRegistrar$SpringApplicationAdmin : Application shutdown requested.
2021-11-13 21:32:18.546  INFO 8684 --- [RMI TCP Connection(4)-127.0.0.1] j.LocalContainerEntityManagerFactoryBean : Closing JPA EntityManagerFactory for persistence unit 'default'
2021-11-13 21:32:18.548  INFO 8684 --- [RMI TCP Connection(4)-127.0.0.1] com.zaxxer.hikari.HikariDataSource       : HikariPool-1 - Shutdown initiated...
2021-11-13 21:32:18.551  INFO 8684 --- [RMI TCP Connection(4)-127.0.0.1] com.zaxxer.hikari.HikariDataSource       : HikariPool-1 - Shutdown completed.
